#
# There is insufficient memory for the Java Runtime Environment to continue.
# Native memory allocation (malloc) failed to allocate 32744 bytes for ChunkPool::allocate
# Possible reasons:
#   The system is out of physical RAM or swap space
#   The process is running with CompressedOops enabled, and the Java Heap may be blocking the growth of the native heap
# Possible solutions:
#   Reduce memory load on the system
#   Increase physical memory or swap space
#   Check if swap backing store is full
#   Decrease Java heap size (-Xmx/-Xms)
#   Decrease number of Java threads
#   Decrease Java thread stack sizes (-Xss)
#   Set larger code cache with -XX:ReservedCodeCacheSize=
#   JVM is running with Unscaled Compressed Oops mode in which the Java heap is
#     placed in the first 4GB address space. The Java Heap base address is the
#     maximum limit for the native heap growth. Please use -XX:HeapBaseMinAddress
#     to set the Java Heap base and to place the Java Heap above 4GB virtual address.
# This output file may be truncated or incomplete.
#
#  Out of Memory Error (arena.cpp:78), pid=21424, tid=21272
#
# JRE version: Java(TM) SE Runtime Environment (17.0.11+7) (build 17.0.11+7-LTS-207)
# Java VM: Java HotSpot(TM) 64-Bit Server VM (17.0.11+7-LTS-207, mixed mode, sharing, tiered, compressed oops, compressed class ptrs, g1 gc, windows-amd64)
# No core dump will be written. Minidumps are not enabled by default on client versions of Windows
#

---------------  S U M M A R Y ------------

Command Line: --enable-native-access=ALL-UNNAMED -Dclassworlds.conf=D:\netbeans-28-bin\netbeans\java\maven\bin\m2.conf -Dmaven.home=D:\netbeans-28-bin\netbeans\java\maven -Dlibrary.jansi.path=D:\netbeans-28-bin\netbeans\java\maven\lib\jansi-native -Dmaven.multiModuleProjectDirectory=C:\Users\eliel\Documents\NetBeansProjects\AgenceTransportPART3 org.codehaus.plexus.classworlds.launcher.Launcher -Dnetbeans.deploy=true -Dexec.vmArgs= -Dexec.appArgs= -Dmaven.ext.class.path=D:\netbeans-28-bin\netbeans\java\maven-nblib\netbeans-eventspy.jar -Dfile.encoding=UTF-8 --no-transfer-progress package

Host: Intel(R) Atom(TM) Processor E3950 @ 1.60GHz, 4 cores, 7G,  Windows 11 , 64 bit Build 22621 (10.0.22621.5415)
Time: Sun Jan 11 18:45:04 2026 Égypte elapsed time: 49.801749 seconds (0d 0h 0m 49s)

---------------  T H R E A D  ---------------

Current thread (0x000002bd32b76550):  JavaThread "C2 CompilerThread0" daemon [_thread_in_native, id=21272, stack(0x000000c5c3600000,0x000000c5c3700000)]


Current CompileTask:
C2:  49802 7437       4       org.codehaus.plexus.classworlds.realm.ClassRealm::loadClass (7 bytes)

Stack: [0x000000c5c3600000,0x000000c5c3700000]
Native frames: (J=compiled Java code, j=interpreted, Vv=VM code, C=native code)
V  [jvm.dll+0x679cca]
V  [jvm.dll+0x7da13d]
V  [jvm.dll+0x7dba83]
V  [jvm.dll+0x7dc0f3]
V  [jvm.dll+0x2449af]
V  [jvm.dll+0xaba8c]
V  [jvm.dll+0xabe1c]
V  [jvm.dll+0x366c2f]
V  [jvm.dll+0x3663f1]
V  [jvm.dll+0x366434]
V  [jvm.dll+0x562cc5]
V  [jvm.dll+0x56348b]
V  [jvm.dll+0x32bd90]
V  [jvm.dll+0x32b1fa]
V  [jvm.dll+0x2161df]
V  [jvm.dll+0x21560f]
V  [jvm.dll+0x1a2040]
V  [jvm.dll+0x225a2b]
V  [jvm.dll+0x223bcb]
V  [jvm.dll+0x7903ec]
V  [jvm.dll+0x78a85a]
V  [jvm.dll+0x678bb5]
C  [ucrtbase.dll+0x29333]
C  [KERNEL32.DLL+0x1259d]
C  [ntdll.dll+0x5af78]


---------------  P R O C E S S  ---------------

Threads class SMR info:
_java_thread_list=0x000002bd78715530, length=13, elements={
0x000002bd133e54c0, 0x000002bd32b5e470, 0x000002bd32b5f000, 0x000002bd32b72e20,
0x000002bd32b74700, 0x000002bd32b74fd0, 0x000002bd32b758a0, 0x000002bd32b76550,
0x000002bd32b84430, 0x000002bd32b86d50, 0x000002bd780ba890, 0x000002bd780c1020,
0x000002bd79a70cd0
}

Java Threads: ( => current thread )
  0x000002bd133e54c0 JavaThread "main" [_thread_in_native, id=8448, stack(0x000000c5c2900000,0x000000c5c2a00000)]
  0x000002bd32b5e470 JavaThread "Reference Handler" daemon [_thread_blocked, id=14864, stack(0x000000c5c3000000,0x000000c5c3100000)]
  0x000002bd32b5f000 JavaThread "Finalizer" daemon [_thread_blocked, id=3140, stack(0x000000c5c3100000,0x000000c5c3200000)]
  0x000002bd32b72e20 JavaThread "Signal Dispatcher" daemon [_thread_blocked, id=21452, stack(0x000000c5c3200000,0x000000c5c3300000)]
  0x000002bd32b74700 JavaThread "Attach Listener" daemon [_thread_blocked, id=1112, stack(0x000000c5c3300000,0x000000c5c3400000)]
  0x000002bd32b74fd0 JavaThread "Service Thread" daemon [_thread_blocked, id=18948, stack(0x000000c5c3400000,0x000000c5c3500000)]
  0x000002bd32b758a0 JavaThread "Monitor Deflation Thread" daemon [_thread_blocked, id=3224, stack(0x000000c5c3500000,0x000000c5c3600000)]
=>0x000002bd32b76550 JavaThread "C2 CompilerThread0" daemon [_thread_in_native, id=21272, stack(0x000000c5c3600000,0x000000c5c3700000)]
  0x000002bd32b84430 JavaThread "C1 CompilerThread0" daemon [_thread_blocked, id=9884, stack(0x000000c5c3700000,0x000000c5c3800000)]
  0x000002bd32b86d50 JavaThread "Sweeper thread" daemon [_thread_blocked, id=17400, stack(0x000000c5c3800000,0x000000c5c3900000)]
  0x000002bd780ba890 JavaThread "Notification Thread" daemon [_thread_blocked, id=8964, stack(0x000000c5c3900000,0x000000c5c3a00000)]
  0x000002bd780c1020 JavaThread "Common-Cleaner" daemon [_thread_blocked, id=14860, stack(0x000000c5c3b00000,0x000000c5c3c00000)]
  0x000002bd79a70cd0 JavaThread "C2 CompilerThread1" daemon [_thread_in_native, id=19704, stack(0x000000c5c3f00000,0x000000c5c4000000)]

Other Threads:
  0x000002bd32b58c10 VMThread "VM Thread" [stack: 0x000000c5c2f00000,0x000000c5c3000000] [id=15384]
  0x000002bd780be5b0 WatcherThread [stack: 0x000000c5c3a00000,0x000000c5c3b00000] [id=8992]
  0x000002bd13443f40 GCTaskThread "GC Thread#0" [stack: 0x000000c5c2a00000,0x000000c5c2b00000] [id=7188]
  0x000002bd7842fd60 GCTaskThread "GC Thread#1" [stack: 0x000000c5c3c00000,0x000000c5c3d00000] [id=5888]
  0x000002bd7891f980 GCTaskThread "GC Thread#2" [stack: 0x000000c5c3d00000,0x000000c5c3e00000] [id=828]
  0x000002bd78508da0 GCTaskThread "GC Thread#3" [stack: 0x000000c5c3e00000,0x000000c5c3f00000] [id=21192]
  0x000002bd13455220 ConcurrentGCThread "G1 Main Marker" [stack: 0x000000c5c2b00000,0x000000c5c2c00000] [id=2356]
  0x000002bd13455c30 ConcurrentGCThread "G1 Conc#0" [stack: 0x000000c5c2c00000,0x000000c5c2d00000] [id=20424]
  0x000002bd32a110b0 ConcurrentGCThread "G1 Refine#0" [stack: 0x000000c5c2d00000,0x000000c5c2e00000] [id=18052]
  0x000002bd7895fad0 ConcurrentGCThread "G1 Refine#1" [stack: 0x000000c5c4000000,0x000000c5c4100000] [id=20236]
  0x000002bd32a12900 ConcurrentGCThread "G1 Service" [stack: 0x000000c5c2e00000,0x000000c5c2f00000] [id=1156]

Threads with active compile tasks:
C2 CompilerThread0    49903 7437       4       org.codehaus.plexus.classworlds.realm.ClassRealm::loadClass (7 bytes)
C2 CompilerThread1    49903 7439   !   4       java.lang.ClassLoader::loadClass (121 bytes)

VM state: not at safepoint (normal execution)

VM Mutex/Monitor currently owned by a thread: None

Heap address: 0x0000000082400000, size: 2012 MB, Compressed Oops mode: 32-bit

CDS archive(s) mapped at: [0x000002bd33000000-0x000002bd33bd0000-0x000002bd33bd0000), size 12386304, SharedBaseAddress: 0x000002bd33000000, ArchiveRelocationMode: 1.
Compressed class space mapped at: 0x000002bd34000000-0x000002bd74000000, reserved size: 1073741824
Narrow klass base: 0x000002bd33000000, Narrow klass shift: 0, Narrow klass range: 0x100000000

GC Precious Log:
 CPUs: 4 total, 4 available
 Memory: 8040M
 Large Page Support: Disabled
 NUMA Support: Disabled
 Compressed Oops: Enabled (32-bit)
 Heap Region Size: 1M
 Heap Min Capacity: 8M
 Heap Initial Capacity: 126M
 Heap Max Capacity: 2012M
 Pre-touch: Disabled
 Parallel Workers: 4
 Concurrent Workers: 1
 Concurrent Refinement Workers: 4
 Periodic GC: Disabled

Heap:
 garbage-first heap   total 120832K, used 46037K [0x0000000082400000, 0x0000000100000000)
  region size 1024K, 26 young (26624K), 1 survivors (1024K)
 Metaspace       used 31148K, committed 31488K, reserved 1114112K
  class space    used 3553K, committed 3712K, reserved 1048576K

Heap Regions: E=young(eden), S=young(survivor), O=old, HS=humongous(starts), HC=humongous(continues), CS=collection set, F=free, OA=open archive, CA=closed archive, TAMS=top-at-mark-start (previous, next)
|   0|0x0000000082400000, 0x0000000082500000, 0x0000000082500000|100%| O|  |TAMS 0x0000000082500000, 0x0000000082400000| Untracked 
|   1|0x0000000082500000, 0x0000000082600000, 0x0000000082600000|100%| O|  |TAMS 0x0000000082600000, 0x0000000082500000| Untracked 
|   2|0x0000000082600000, 0x0000000082700000, 0x0000000082700000|100%| O|  |TAMS 0x0000000082700000, 0x0000000082600000| Untracked 
|   3|0x0000000082700000, 0x0000000082800000, 0x0000000082800000|100%| O|  |TAMS 0x0000000082800000, 0x0000000082700000| Untracked 
|   4|0x0000000082800000, 0x0000000082900000, 0x0000000082900000|100%| O|  |TAMS 0x0000000082900000, 0x0000000082800000| Untracked 
|   5|0x0000000082900000, 0x0000000082a00000, 0x0000000082a00000|100%| O|  |TAMS 0x0000000082a00000, 0x0000000082900000| Untracked 
|   6|0x0000000082a00000, 0x0000000082b00000, 0x0000000082b00000|100%| O|  |TAMS 0x0000000082b00000, 0x0000000082a00000| Untracked 
|   7|0x0000000082b00000, 0x0000000082c00000, 0x0000000082c00000|100%| O|  |TAMS 0x0000000082c00000, 0x0000000082b00000| Untracked 
|   8|0x0000000082c00000, 0x0000000082d00000, 0x0000000082d00000|100%| O|  |TAMS 0x0000000082d00000, 0x0000000082c00000| Untracked 
|   9|0x0000000082d00000, 0x0000000082e00000, 0x0000000082e00000|100%|HS|  |TAMS 0x0000000082e00000, 0x0000000082d00000| Complete 
|  10|0x0000000082e00000, 0x0000000082f00000, 0x0000000082f00000|100%| O|  |TAMS 0x0000000082f00000, 0x0000000082e00000| Untracked 
|  11|0x0000000082f00000, 0x0000000083000000, 0x0000000083000000|100%| O|  |TAMS 0x0000000083000000, 0x0000000082f00000| Untracked 
|  12|0x0000000083000000, 0x0000000083100000, 0x0000000083100000|100%| O|  |TAMS 0x0000000083100000, 0x0000000083000000| Untracked 
|  13|0x0000000083100000, 0x00000000831be600, 0x0000000083200000| 74%| O|  |TAMS 0x0000000083100000, 0x0000000083100000| Untracked 
|  14|0x0000000083200000, 0x0000000083300000, 0x0000000083300000|100%| O|  |TAMS 0x0000000083200000, 0x0000000083200000| Untracked 
|  15|0x0000000083300000, 0x0000000083300000, 0x0000000083400000|  0%| F|  |TAMS 0x0000000083300000, 0x0000000083300000| Untracked 
|  16|0x0000000083400000, 0x0000000083400000, 0x0000000083500000|  0%| F|  |TAMS 0x0000000083400000, 0x0000000083400000| Untracked 
|  17|0x0000000083500000, 0x0000000083500000, 0x0000000083600000|  0%| F|  |TAMS 0x0000000083500000, 0x0000000083500000| Untracked 
|  18|0x0000000083600000, 0x0000000083600000, 0x0000000083700000|  0%| F|  |TAMS 0x0000000083600000, 0x0000000083600000| Untracked 
|  19|0x0000000083700000, 0x0000000083700000, 0x0000000083800000|  0%| F|  |TAMS 0x0000000083700000, 0x0000000083700000| Untracked 
|  20|0x0000000083800000, 0x0000000083900000, 0x0000000083900000|100%| O|  |TAMS 0x0000000083900000, 0x0000000083800000| Untracked 
|  21|0x0000000083900000, 0x0000000083a00000, 0x0000000083a00000|100%| O|  |TAMS 0x0000000083a00000, 0x0000000083900000| Untracked 
|  22|0x0000000083a00000, 0x0000000083a00000, 0x0000000083b00000|  0%| F|  |TAMS 0x0000000083a00000, 0x0000000083a00000| Untracked 
|  23|0x0000000083b00000, 0x0000000083c00000, 0x0000000083c00000|100%| O|  |TAMS 0x0000000083c00000, 0x0000000083b00000| Untracked 
|  24|0x0000000083c00000, 0x0000000083d00000, 0x0000000083d00000|100%| O|  |TAMS 0x0000000083d00000, 0x0000000083c00000| Untracked 
|  25|0x0000000083d00000, 0x0000000083e00000, 0x0000000083e00000|100%| O|  |TAMS 0x0000000083d6ca00, 0x0000000083d00000| Untracked 
|  26|0x0000000083e00000, 0x0000000083f00000, 0x0000000083f00000|100%| O|  |TAMS 0x0000000083e00000, 0x0000000083e00000| Untracked 
|  27|0x0000000083f00000, 0x0000000083f00000, 0x0000000084000000|  0%| F|  |TAMS 0x0000000083f00000, 0x0000000083f00000| Untracked 
|  28|0x0000000084000000, 0x0000000084000000, 0x0000000084100000|  0%| F|  |TAMS 0x0000000084000000, 0x0000000084000000| Untracked 
|  29|0x0000000084100000, 0x0000000084100000, 0x0000000084200000|  0%| F|  |TAMS 0x0000000084100000, 0x0000000084100000| Untracked 
|  30|0x0000000084200000, 0x0000000084200000, 0x0000000084300000|  0%| F|  |TAMS 0x0000000084200000, 0x0000000084200000| Untracked 
|  31|0x0000000084300000, 0x0000000084300000, 0x0000000084400000|  0%| F|  |TAMS 0x0000000084300000, 0x0000000084300000| Untracked 
|  32|0x0000000084400000, 0x0000000084400000, 0x0000000084500000|  0%| F|  |TAMS 0x0000000084400000, 0x0000000084400000| Untracked 
|  33|0x0000000084500000, 0x0000000084500000, 0x0000000084600000|  0%| F|  |TAMS 0x0000000084500000, 0x0000000084500000| Untracked 
|  34|0x0000000084600000, 0x0000000084600000, 0x0000000084700000|  0%| F|  |TAMS 0x0000000084600000, 0x0000000084600000| Untracked 
|  35|0x0000000084700000, 0x0000000084700000, 0x0000000084800000|  0%| F|  |TAMS 0x0000000084700000, 0x0000000084700000| Untracked 
|  36|0x0000000084800000, 0x0000000084800000, 0x0000000084900000|  0%| F|  |TAMS 0x0000000084800000, 0x0000000084800000| Untracked 
|  37|0x0000000084900000, 0x0000000084900000, 0x0000000084a00000|  0%| F|  |TAMS 0x0000000084900000, 0x0000000084900000| Untracked 
|  38|0x0000000084a00000, 0x0000000084a00000, 0x0000000084b00000|  0%| F|  |TAMS 0x0000000084a00000, 0x0000000084a00000| Untracked 
|  39|0x0000000084b00000, 0x0000000084b00000, 0x0000000084c00000|  0%| F|  |TAMS 0x0000000084b00000, 0x0000000084b00000| Untracked 
|  40|0x0000000084c00000, 0x0000000084c00000, 0x0000000084d00000|  0%| F|  |TAMS 0x0000000084c00000, 0x0000000084c00000| Untracked 
|  41|0x0000000084d00000, 0x0000000084d00000, 0x0000000084e00000|  0%| F|  |TAMS 0x0000000084d00000, 0x0000000084d00000| Untracked 
|  42|0x0000000084e00000, 0x0000000084e00000, 0x0000000084f00000|  0%| F|  |TAMS 0x0000000084e00000, 0x0000000084e00000| Untracked 
|  43|0x0000000084f00000, 0x0000000084f00000, 0x0000000085000000|  0%| F|  |TAMS 0x0000000084f00000, 0x0000000084f00000| Untracked 
|  44|0x0000000085000000, 0x0000000085000000, 0x0000000085100000|  0%| F|  |TAMS 0x0000000085000000, 0x0000000085000000| Untracked 
|  45|0x0000000085100000, 0x0000000085100000, 0x0000000085200000|  0%| F|  |TAMS 0x0000000085100000, 0x0000000085100000| Untracked 
|  46|0x0000000085200000, 0x0000000085200000, 0x0000000085300000|  0%| F|  |TAMS 0x0000000085200000, 0x0000000085200000| Untracked 
|  47|0x0000000085300000, 0x0000000085300000, 0x0000000085400000|  0%| F|  |TAMS 0x0000000085300000, 0x0000000085300000| Untracked 
|  48|0x0000000085400000, 0x0000000085400000, 0x0000000085500000|  0%| F|  |TAMS 0x0000000085400000, 0x0000000085400000| Untracked 
|  49|0x0000000085500000, 0x0000000085500000, 0x0000000085600000|  0%| F|  |TAMS 0x0000000085500000, 0x0000000085500000| Untracked 
|  50|0x0000000085600000, 0x0000000085600000, 0x0000000085700000|  0%| F|  |TAMS 0x0000000085600000, 0x0000000085600000| Untracked 
|  51|0x0000000085700000, 0x0000000085700000, 0x0000000085800000|  0%| F|  |TAMS 0x0000000085700000, 0x0000000085700000| Untracked 
|  52|0x0000000085800000, 0x0000000085800000, 0x0000000085900000|  0%| F|  |TAMS 0x0000000085800000, 0x0000000085800000| Untracked 
|  53|0x0000000085900000, 0x0000000085900000, 0x0000000085a00000|  0%| F|  |TAMS 0x0000000085900000, 0x0000000085900000| Untracked 
|  54|0x0000000085a00000, 0x0000000085a00000, 0x0000000085b00000|  0%| F|  |TAMS 0x0000000085a00000, 0x0000000085a00000| Untracked 
|  55|0x0000000085b00000, 0x0000000085b00000, 0x0000000085c00000|  0%| F|  |TAMS 0x0000000085b00000, 0x0000000085b00000| Untracked 
|  56|0x0000000085c00000, 0x0000000085c00000, 0x0000000085d00000|  0%| F|  |TAMS 0x0000000085c00000, 0x0000000085c00000| Untracked 
|  57|0x0000000085d00000, 0x0000000085d00000, 0x0000000085e00000|  0%| F|  |TAMS 0x0000000085d00000, 0x0000000085d00000| Untracked 
|  58|0x0000000085e00000, 0x0000000085e00000, 0x0000000085f00000|  0%| F|  |TAMS 0x0000000085e00000, 0x0000000085e00000| Untracked 
|  59|0x0000000085f00000, 0x0000000085f00000, 0x0000000086000000|  0%| F|  |TAMS 0x0000000085f00000, 0x0000000085f00000| Untracked 
|  60|0x0000000086000000, 0x0000000086000000, 0x0000000086100000|  0%| F|  |TAMS 0x0000000086000000, 0x0000000086000000| Untracked 
|  61|0x0000000086100000, 0x0000000086100000, 0x0000000086200000|  0%| F|  |TAMS 0x0000000086100000, 0x0000000086100000| Untracked 
|  62|0x0000000086200000, 0x0000000086200000, 0x0000000086300000|  0%| F|  |TAMS 0x0000000086200000, 0x0000000086200000| Untracked 
|  63|0x0000000086300000, 0x0000000086300000, 0x0000000086400000|  0%| F|  |TAMS 0x0000000086300000, 0x0000000086300000| Untracked 
|  64|0x0000000086400000, 0x0000000086400000, 0x0000000086500000|  0%| F|  |TAMS 0x0000000086400000, 0x0000000086400000| Untracked 
|  65|0x0000000086500000, 0x0000000086500000, 0x0000000086600000|  0%| F|  |TAMS 0x0000000086500000, 0x0000000086500000| Untracked 
|  66|0x0000000086600000, 0x0000000086600000, 0x0000000086700000|  0%| F|  |TAMS 0x0000000086600000, 0x0000000086600000| Untracked 
|  67|0x0000000086700000, 0x0000000086700000, 0x0000000086800000|  0%| F|  |TAMS 0x0000000086700000, 0x0000000086700000| Untracked 
|  68|0x0000000086800000, 0x0000000086800000, 0x0000000086900000|  0%| F|  |TAMS 0x0000000086800000, 0x0000000086800000| Untracked 
|  69|0x0000000086900000, 0x0000000086900000, 0x0000000086a00000|  0%| F|  |TAMS 0x0000000086900000, 0x0000000086900000| Untracked 
|  70|0x0000000086a00000, 0x0000000086a00000, 0x0000000086b00000|  0%| F|  |TAMS 0x0000000086a00000, 0x0000000086a00000| Untracked 
|  71|0x0000000086b00000, 0x0000000086b00000, 0x0000000086c00000|  0%| F|  |TAMS 0x0000000086b00000, 0x0000000086b00000| Untracked 
|  72|0x0000000086c00000, 0x0000000086c00000, 0x0000000086d00000|  0%| F|  |TAMS 0x0000000086c00000, 0x0000000086c00000| Untracked 
|  73|0x0000000086d00000, 0x0000000086d00000, 0x0000000086e00000|  0%| F|  |TAMS 0x0000000086d00000, 0x0000000086d00000| Untracked 
|  74|0x0000000086e00000, 0x0000000086e00000, 0x0000000086f00000|  0%| F|  |TAMS 0x0000000086e00000, 0x0000000086e00000| Untracked 
|  75|0x0000000086f00000, 0x0000000086f00000, 0x0000000087000000|  0%| F|  |TAMS 0x0000000086f00000, 0x0000000086f00000| Untracked 
|  76|0x0000000087000000, 0x0000000087000000, 0x0000000087100000|  0%| F|  |TAMS 0x0000000087000000, 0x0000000087000000| Untracked 
|  77|0x0000000087100000, 0x0000000087100000, 0x0000000087200000|  0%| F|  |TAMS 0x0000000087100000, 0x0000000087100000| Untracked 
|  78|0x0000000087200000, 0x0000000087200000, 0x0000000087300000|  0%| F|  |TAMS 0x0000000087200000, 0x0000000087200000| Untracked 
|  79|0x0000000087300000, 0x0000000087300000, 0x0000000087400000|  0%| F|  |TAMS 0x0000000087300000, 0x0000000087300000| Untracked 
|  80|0x0000000087400000, 0x0000000087400000, 0x0000000087500000|  0%| F|  |TAMS 0x0000000087400000, 0x0000000087400000| Untracked 
|  81|0x0000000087500000, 0x0000000087500000, 0x0000000087600000|  0%| F|  |TAMS 0x0000000087500000, 0x0000000087500000| Untracked 
|  82|0x0000000087600000, 0x0000000087600000, 0x0000000087700000|  0%| F|  |TAMS 0x0000000087600000, 0x0000000087600000| Untracked 
|  83|0x0000000087700000, 0x0000000087700000, 0x0000000087800000|  0%| F|  |TAMS 0x0000000087700000, 0x0000000087700000| Untracked 
|  84|0x0000000087800000, 0x0000000087800000, 0x0000000087900000|  0%| F|  |TAMS 0x0000000087800000, 0x0000000087800000| Untracked 
|  85|0x0000000087900000, 0x0000000087900000, 0x0000000087a00000|  0%| F|  |TAMS 0x0000000087900000, 0x0000000087900000| Untracked 
|  86|0x0000000087a00000, 0x0000000087a00000, 0x0000000087b00000|  0%| F|  |TAMS 0x0000000087a00000, 0x0000000087a00000| Untracked 
|  87|0x0000000087b00000, 0x0000000087b00000, 0x0000000087c00000|  0%| F|  |TAMS 0x0000000087b00000, 0x0000000087b00000| Untracked 
|  88|0x0000000087c00000, 0x0000000087c00000, 0x0000000087d00000|  0%| F|  |TAMS 0x0000000087c00000, 0x0000000087c00000| Untracked 
|  89|0x0000000087d00000, 0x0000000087d00000, 0x0000000087e00000|  0%| F|  |TAMS 0x0000000087d00000, 0x0000000087d00000| Untracked 
|  90|0x0000000087e00000, 0x0000000087e00000, 0x0000000087f00000|  0%| F|  |TAMS 0x0000000087e00000, 0x0000000087e00000| Untracked 
|  91|0x0000000087f00000, 0x0000000087f00000, 0x0000000088000000|  0%| F|  |TAMS 0x0000000087f00000, 0x0000000087f00000| Untracked 
|  92|0x0000000088000000, 0x0000000088100000, 0x0000000088100000|100%| E|  |TAMS 0x0000000088000000, 0x0000000088000000| Complete 
|  93|0x0000000088100000, 0x0000000088200000, 0x0000000088200000|100%| E|CS|TAMS 0x0000000088100000, 0x0000000088100000| Complete 
|  94|0x0000000088200000, 0x0000000088300000, 0x0000000088300000|100%| E|CS|TAMS 0x0000000088200000, 0x0000000088200000| Complete 
|  95|0x0000000088300000, 0x0000000088400000, 0x0000000088400000|100%| E|CS|TAMS 0x0000000088300000, 0x0000000088300000| Complete 
|  96|0x0000000088400000, 0x0000000088500000, 0x0000000088500000|100%| E|CS|TAMS 0x0000000088400000, 0x0000000088400000| Complete 
|  97|0x0000000088500000, 0x0000000088600000, 0x0000000088600000|100%| E|CS|TAMS 0x0000000088500000, 0x0000000088500000| Complete 
|  98|0x0000000088600000, 0x00000000886370d0, 0x0000000088700000| 21%| S|CS|TAMS 0x0000000088600000, 0x0000000088600000| Complete 
|  99|0x0000000088700000, 0x0000000088800000, 0x0000000088800000|100%| E|CS|TAMS 0x0000000088700000, 0x0000000088700000| Complete 
| 100|0x0000000088800000, 0x0000000088900000, 0x0000000088900000|100%| E|CS|TAMS 0x0000000088800000, 0x0000000088800000| Complete 
| 101|0x0000000088900000, 0x0000000088a00000, 0x0000000088a00000|100%| E|CS|TAMS 0x0000000088900000, 0x0000000088900000| Complete 
| 102|0x0000000088a00000, 0x0000000088b00000, 0x0000000088b00000|100%| E|CS|TAMS 0x0000000088a00000, 0x0000000088a00000| Complete 
| 103|0x0000000088b00000, 0x0000000088c00000, 0x0000000088c00000|100%| E|CS|TAMS 0x0000000088b00000, 0x0000000088b00000| Complete 
| 104|0x0000000088c00000, 0x0000000088d00000, 0x0000000088d00000|100%| E|CS|TAMS 0x0000000088c00000, 0x0000000088c00000| Complete 
| 105|0x0000000088d00000, 0x0000000088e00000, 0x0000000088e00000|100%| E|CS|TAMS 0x0000000088d00000, 0x0000000088d00000| Complete 
| 106|0x0000000088e00000, 0x0000000088f00000, 0x0000000088f00000|100%| E|CS|TAMS 0x0000000088e00000, 0x0000000088e00000| Complete 
| 107|0x0000000088f00000, 0x0000000089000000, 0x0000000089000000|100%| E|CS|TAMS 0x0000000088f00000, 0x0000000088f00000| Complete 
| 108|0x0000000089000000, 0x0000000089100000, 0x0000000089100000|100%| E|CS|TAMS 0x0000000089000000, 0x0000000089000000| Complete 
| 109|0x0000000089100000, 0x0000000089200000, 0x0000000089200000|100%| E|CS|TAMS 0x0000000089100000, 0x0000000089100000| Complete 
| 110|0x0000000089200000, 0x0000000089300000, 0x0000000089300000|100%| E|CS|TAMS 0x0000000089200000, 0x0000000089200000| Complete 
| 111|0x0000000089300000, 0x0000000089400000, 0x0000000089400000|100%| E|CS|TAMS 0x0000000089300000, 0x0000000089300000| Complete 
| 112|0x0000000089400000, 0x0000000089500000, 0x0000000089500000|100%| E|CS|TAMS 0x0000000089400000, 0x0000000089400000| Complete 
| 113|0x0000000089500000, 0x0000000089600000, 0x0000000089600000|100%| E|CS|TAMS 0x0000000089500000, 0x0000000089500000| Complete 
| 114|0x0000000089600000, 0x0000000089700000, 0x0000000089700000|100%| E|CS|TAMS 0x0000000089600000, 0x0000000089600000| Complete 
| 115|0x0000000089700000, 0x0000000089800000, 0x0000000089800000|100%| E|CS|TAMS 0x0000000089700000, 0x0000000089700000| Complete 
| 116|0x0000000089800000, 0x0000000089900000, 0x0000000089900000|100%| E|CS|TAMS 0x0000000089800000, 0x0000000089800000| Complete 
| 125|0x000000008a100000, 0x000000008a200000, 0x000000008a200000|100%| E|CS|TAMS 0x000000008a100000, 0x000000008a100000| Complete 

Card table byte_map: [0x000002bd2be90000,0x000002bd2c280000] _byte_map_base: 0x000002bd2ba7e000

Marking Bits (Prev, Next): (CMBitMap*) 0x000002bd134445a0, (CMBitMap*) 0x000002bd13444560
 Prev Bits: [0x000002bd2e5e0000, 0x000002bd30550000)
 Next Bits: [0x000002bd2c670000, 0x000002bd2e5e0000)

Polling page: 0x000002bd134b0000

Metaspace:

Usage:
  Non-class:     26.95 MB used.
      Class:      3.47 MB used.
       Both:     30.42 MB used.

Virtual space:
  Non-class space:       64.00 MB reserved,      27.12 MB ( 42%) committed,  1 nodes.
      Class space:        1.00 GB reserved,       3.62 MB ( <1%) committed,  1 nodes.
             Both:        1.06 GB reserved,      30.75 MB (  3%) committed. 

Chunk freelists:
   Non-Class:  4.06 MB
       Class:  12.38 MB
        Both:  16.44 MB

MaxMetaspaceSize: unlimited
CompressedClassSpaceSize: 1.00 GB
Initial GC threshold: 21.00 MB
Current GC threshold: 47.94 MB
CDS: on
MetaspaceReclaimPolicy: balanced
 - commit_granule_bytes: 65536.
 - commit_granule_words: 8192.
 - virtual_space_node_default_size: 8388608.
 - enlarge_chunks_in_place: 1.
 - new_chunks_are_fully_committed: 0.
 - uncommit_free_chunks: 1.
 - use_allocation_guard: 0.
 - handle_deallocations: 1.


Internal statistics:

num_allocs_failed_limit: 3.
num_arena_births: 222.
num_arena_deaths: 0.
num_vsnodes_births: 2.
num_vsnodes_deaths: 0.
num_space_committed: 492.
num_space_uncommitted: 0.
num_chunks_returned_to_freelist: 3.
num_chunks_taken_from_freelist: 1358.
num_chunk_merges: 3.
num_chunk_splits: 957.
num_chunks_enlarged: 742.
num_inconsistent_stats: 0.

CodeHeap 'non-profiled nmethods': size=120000Kb used=3334Kb max_used=3334Kb free=116666Kb
 bounds [0x000002bd23f50000, 0x000002bd242a0000, 0x000002bd2b480000]
CodeHeap 'profiled nmethods': size=120000Kb used=15119Kb max_used=15119Kb free=104880Kb
 bounds [0x000002bd1c480000, 0x000002bd1d350000, 0x000002bd239b0000]
CodeHeap 'non-nmethods': size=5760Kb used=1222Kb max_used=1263Kb free=4537Kb
 bounds [0x000002bd239b0000, 0x000002bd23c20000, 0x000002bd23f50000]
 total_blobs=7076 nmethods=6546 adapters=443
 compilation: enabled
              stopped_count=0, restarted_count=0
 full_count=0

Compilation events (20 events):
Event: 49.206 Thread 0x000002bd79a70cd0 nmethod 7441 0x000002bd2428f410 code [0x000002bd2428f5c0, 0x000002bd2428f9e8]
Event: 49.206 Thread 0x000002bd79a70cd0 7443       4       java.util.regex.Pattern::isSupplementary (21 bytes)
Event: 49.208 Thread 0x000002bd79a70cd0 nmethod 7443 0x000002bd2428fd90 code [0x000002bd2428ff00, 0x000002bd2428ff98]
Event: 49.208 Thread 0x000002bd79a70cd0 7440       4       java.util.Hashtable::addEntry (87 bytes)
Event: 49.287 Thread 0x000002bd79a70cd0 nmethod 7440 0x000002bd24290090 code [0x000002bd24290260, 0x000002bd24290d38]
Event: 49.287 Thread 0x000002bd79a70cd0 7449       4       java.util.regex.Pattern$TreeInfo::reset (21 bytes)
Event: 49.288 Thread 0x000002bd79a70cd0 nmethod 7449 0x000002bd24291210 code [0x000002bd24291380, 0x000002bd24291418]
Event: 49.288 Thread 0x000002bd79a70cd0 7439   !   4       java.lang.ClassLoader::loadClass (121 bytes)
Event: 49.599 Thread 0x000002bd32b84430 7459       3       java.lang.invoke.InvokerBytecodeGenerator::getInternalName (103 bytes)
Event: 49.600 Thread 0x000002bd32b84430 nmethod 7459 0x000002bd1d342590 code [0x000002bd1d3427a0, 0x000002bd1d342cf8]
Event: 49.601 Thread 0x000002bd32b84430 7460       3       java.util.Comparators$NaturalOrderComparator::compare (13 bytes)
Event: 49.602 Thread 0x000002bd32b84430 nmethod 7460 0x000002bd1d342e10 code [0x000002bd1d342fe0, 0x000002bd1d343448]
Event: 49.602 Thread 0x000002bd32b84430 7462       3       java.util.stream.SortedOps$SizedRefSortingSink::end (129 bytes)
Event: 49.604 Thread 0x000002bd32b84430 nmethod 7462 0x000002bd1d343590 code [0x000002bd1d3437c0, 0x000002bd1d343fb8]
Event: 49.604 Thread 0x000002bd32b84430 7461       3       java.util.Comparators$NaturalOrderComparator::compare (8 bytes)
Event: 49.604 Thread 0x000002bd32b84430 nmethod 7461 0x000002bd1d344290 code [0x000002bd1d344440, 0x000002bd1d344628]
Event: 49.615 Thread 0x000002bd32b84430 7463       3       java.util.Locale::hashCode (41 bytes)
Event: 49.616 Thread 0x000002bd32b84430 nmethod 7463 0x000002bd1d344710 code [0x000002bd1d3448c0, 0x000002bd1d344ad8]
Event: 49.618 Thread 0x000002bd32b84430 7464       1       sun.util.resources.Bundles$CacheKey::hashCode (5 bytes)
Event: 49.618 Thread 0x000002bd32b84430 nmethod 7464 0x000002bd24291510 code [0x000002bd242916a0, 0x000002bd24291778]

GC Heap History (20 events):
Event: 32.613 GC heap before
{Heap before GC invocations=7 (full 0):
 garbage-first heap   total 48128K, used 20048K [0x0000000082400000, 0x0000000100000000)
  region size 1024K, 5 young (5120K), 4 survivors (4096K)
 Metaspace       used 25222K, committed 25536K, reserved 1114112K
  class space    used 2958K, committed 3072K, reserved 1048576K
}
Event: 32.635 GC heap after
{Heap after GC invocations=8 (full 0):
 garbage-first heap   total 48128K, used 19945K [0x0000000082400000, 0x0000000100000000)
  region size 1024K, 1 young (1024K), 1 survivors (1024K)
 Metaspace       used 25222K, committed 25536K, reserved 1114112K
  class space    used 2958K, committed 3072K, reserved 1048576K
}
Event: 35.943 GC heap before
{Heap before GC invocations=8 (full 0):
 garbage-first heap   total 48128K, used 36329K [0x0000000082400000, 0x0000000100000000)
  region size 1024K, 16 young (16384K), 1 survivors (1024K)
 Metaspace       used 26955K, committed 27328K, reserved 1114112K
  class space    used 3161K, committed 3328K, reserved 1048576K
}
Event: 35.965 GC heap after
{Heap after GC invocations=9 (full 0):
 garbage-first heap   total 48128K, used 23435K [0x0000000082400000, 0x0000000100000000)
  region size 1024K, 2 young (2048K), 2 survivors (2048K)
 Metaspace       used 26955K, committed 27328K, reserved 1114112K
  class space    used 3161K, committed 3328K, reserved 1048576K
}
Event: 39.810 GC heap before
{Heap before GC invocations=9 (full 0):
 garbage-first heap   total 48128K, used 36747K [0x0000000082400000, 0x0000000100000000)
  region size 1024K, 15 young (15360K), 2 survivors (2048K)
 Metaspace       used 27756K, committed 28096K, reserved 1114112K
  class space    used 3196K, committed 3328K, reserved 1048576K
}
Event: 39.834 GC heap after
{Heap after GC invocations=10 (full 0):
 garbage-first heap   total 48128K, used 24754K [0x0000000082400000, 0x0000000100000000)
  region size 1024K, 2 young (2048K), 2 survivors (2048K)
 Metaspace       used 27756K, committed 28096K, reserved 1114112K
  class space    used 3196K, committed 3328K, reserved 1048576K
}
Event: 40.708 GC heap before
{Heap before GC invocations=10 (full 0):
 garbage-first heap   total 48128K, used 36018K [0x0000000082400000, 0x0000000100000000)
  region size 1024K, 14 young (14336K), 2 survivors (2048K)
 Metaspace       used 27838K, committed 28160K, reserved 1114112K
  class space    used 3197K, committed 3328K, reserved 1048576K
}
Event: 40.721 GC heap after
{Heap after GC invocations=11 (full 0):
 garbage-first heap   total 48128K, used 25387K [0x0000000082400000, 0x0000000100000000)
  region size 1024K, 1 young (1024K), 1 survivors (1024K)
 Metaspace       used 27838K, committed 28160K, reserved 1114112K
  class space    used 3197K, committed 3328K, reserved 1048576K
}
Event: 41.933 GC heap before
{Heap before GC invocations=12 (full 0):
 garbage-first heap   total 48128K, used 36651K [0x0000000082400000, 0x0000000100000000)
  region size 1024K, 12 young (12288K), 1 survivors (1024K)
 Metaspace       used 28117K, committed 28416K, reserved 1114112K
  class space    used 3207K, committed 3328K, reserved 1048576K
}
Event: 41.939 GC heap after
{Heap after GC invocations=13 (full 0):
 garbage-first heap   total 48128K, used 25725K [0x0000000082400000, 0x0000000100000000)
  region size 1024K, 1 young (1024K), 1 survivors (1024K)
 Metaspace       used 28117K, committed 28416K, reserved 1114112K
  class space    used 3207K, committed 3328K, reserved 1048576K
}
Event: 42.040 GC heap before
{Heap before GC invocations=13 (full 0):
 garbage-first heap   total 48128K, used 26749K [0x0000000082400000, 0x0000000100000000)
  region size 1024K, 2 young (2048K), 1 survivors (1024K)
 Metaspace       used 28131K, committed 28416K, reserved 1114112K
  class space    used 3208K, committed 3328K, reserved 1048576K
}
Event: 42.048 GC heap after
{Heap after GC invocations=14 (full 0):
 garbage-first heap   total 48128K, used 25172K [0x0000000082400000, 0x0000000100000000)
  region size 1024K, 1 young (1024K), 1 survivors (1024K)
 Metaspace       used 28131K, committed 28416K, reserved 1114112K
  class space    used 3208K, committed 3328K, reserved 1048576K
}
Event: 42.927 GC heap before
{Heap before GC invocations=14 (full 0):
 garbage-first heap   total 48128K, used 37460K [0x0000000082400000, 0x0000000100000000)
  region size 1024K, 13 young (13312K), 1 survivors (1024K)
 Metaspace       used 29101K, committed 29376K, reserved 1114112K
  class space    used 3305K, committed 3456K, reserved 1048576K
}
Event: 42.932 GC heap after
{Heap after GC invocations=15 (full 0):
 garbage-first heap   total 48128K, used 25995K [0x0000000082400000, 0x0000000100000000)
  region size 1024K, 1 young (1024K), 1 survivors (1024K)
 Metaspace       used 29101K, committed 29376K, reserved 1114112K
  class space    used 3305K, committed 3456K, reserved 1048576K
}
Event: 43.973 GC heap before
{Heap before GC invocations=16 (full 0):
 garbage-first heap   total 48128K, used 37259K [0x0000000082400000, 0x0000000100000000)
  region size 1024K, 13 young (13312K), 1 survivors (1024K)
 Metaspace       used 29265K, committed 29568K, reserved 1114112K
  class space    used 3307K, committed 3456K, reserved 1048576K
}
Event: 43.981 GC heap after
{Heap after GC invocations=17 (full 0):
 garbage-first heap   total 48128K, used 26460K [0x0000000082400000, 0x0000000100000000)
  region size 1024K, 2 young (2048K), 2 survivors (2048K)
 Metaspace       used 29265K, committed 29568K, reserved 1114112K
  class space    used 3307K, committed 3456K, reserved 1048576K
}
Event: 44.014 GC heap before
{Heap before GC invocations=17 (full 0):
 garbage-first heap   total 48128K, used 27484K [0x0000000082400000, 0x0000000100000000)
  region size 1024K, 3 young (3072K), 2 survivors (2048K)
 Metaspace       used 29267K, committed 29568K, reserved 1114112K
  class space    used 3307K, committed 3456K, reserved 1048576K
}
Event: 44.027 GC heap after
{Heap after GC invocations=18 (full 0):
 garbage-first heap   total 48128K, used 22445K [0x0000000082400000, 0x0000000100000000)
  region size 1024K, 1 young (1024K), 1 survivors (1024K)
 Metaspace       used 29267K, committed 29568K, reserved 1114112K
  class space    used 3307K, committed 3456K, reserved 1048576K
}
Event: 44.144 GC heap before
{Heap before GC invocations=18 (full 0):
 garbage-first heap   total 48128K, used 23469K [0x0000000082400000, 0x0000000100000000)
  region size 1024K, 2 young (2048K), 1 survivors (1024K)
 Metaspace       used 29267K, committed 29568K, reserved 1114112K
  class space    used 3307K, committed 3456K, reserved 1048576K
}
Event: 44.152 GC heap after
{Heap after GC invocations=19 (full 0):
 garbage-first heap   total 120832K, used 21461K [0x0000000082400000, 0x0000000100000000)
  region size 1024K, 1 young (1024K), 1 survivors (1024K)
 Metaspace       used 29267K, committed 29568K, reserved 1114112K
  class space    used 3307K, committed 3456K, reserved 1048576K
}

Deoptimization events (20 events):
Event: 49.103 Thread 0x000002bd133e54c0 Uncommon trap: trap_request=0xffffffc6 fr.pc=0x000002bd24010f4c relative=0x0000000000000bec
Event: 49.103 Thread 0x000002bd133e54c0 Uncommon trap: reason=bimorphic_or_optimized_type_check action=maybe_recompile pc=0x000002bd24010f4c method=java.util.regex.Pattern$Slice.match(Ljava/util/regex/Matcher;ILjava/lang/CharSequence;)Z @ 75 c2
Event: 49.103 Thread 0x000002bd133e54c0 DEOPT PACKING pc=0x000002bd24010f4c sp=0x000000c5c29fd050
Event: 49.104 Thread 0x000002bd133e54c0 DEOPT UNPACKING pc=0x000002bd23a0239d sp=0x000000c5c29fcfe0 mode 2
Event: 49.131 Thread 0x000002bd133e54c0 Uncommon trap: trap_request=0xffffffc6 fr.pc=0x000002bd24010f4c relative=0x0000000000000bec
Event: 49.131 Thread 0x000002bd133e54c0 Uncommon trap: reason=bimorphic_or_optimized_type_check action=maybe_recompile pc=0x000002bd24010f4c method=java.util.regex.Pattern$Slice.match(Ljava/util/regex/Matcher;ILjava/lang/CharSequence;)Z @ 75 c2
Event: 49.131 Thread 0x000002bd133e54c0 DEOPT PACKING pc=0x000002bd24010f4c sp=0x000000c5c29fd050
Event: 49.131 Thread 0x000002bd133e54c0 DEOPT UNPACKING pc=0x000002bd23a0239d sp=0x000000c5c29fcfe0 mode 2
Event: 49.131 Thread 0x000002bd133e54c0 Uncommon trap: trap_request=0xffffffc6 fr.pc=0x000002bd24010f4c relative=0x0000000000000bec
Event: 49.131 Thread 0x000002bd133e54c0 Uncommon trap: reason=bimorphic_or_optimized_type_check action=maybe_recompile pc=0x000002bd24010f4c method=java.util.regex.Pattern$Slice.match(Ljava/util/regex/Matcher;ILjava/lang/CharSequence;)Z @ 75 c2
Event: 49.131 Thread 0x000002bd133e54c0 DEOPT PACKING pc=0x000002bd24010f4c sp=0x000000c5c29fd050
Event: 49.131 Thread 0x000002bd133e54c0 DEOPT UNPACKING pc=0x000002bd23a0239d sp=0x000000c5c29fcfe0 mode 2
Event: 49.601 Thread 0x000002bd133e54c0 Uncommon trap: trap_request=0xffffff45 fr.pc=0x000002bd24281174 relative=0x00000000000039f4
Event: 49.601 Thread 0x000002bd133e54c0 Uncommon trap: reason=unstable_if action=reinterpret pc=0x000002bd24281174 method=java.util.TimSort.sort([Ljava/lang/Object;IILjava/util/Comparator;[Ljava/lang/Object;II)V @ 114 c2
Event: 49.601 Thread 0x000002bd133e54c0 DEOPT PACKING pc=0x000002bd24281174 sp=0x000000c5c29fc120
Event: 49.602 Thread 0x000002bd133e54c0 DEOPT UNPACKING pc=0x000002bd23a0239d sp=0x000000c5c29fc028 mode 2
Event: 49.602 Thread 0x000002bd133e54c0 Uncommon trap: trap_request=0xffffffbe fr.pc=0x000002bd2402e078 relative=0x0000000000001b98
Event: 49.602 Thread 0x000002bd133e54c0 Uncommon trap: reason=profile_predicate action=maybe_recompile pc=0x000002bd2402e078 method=java.util.TimSort.binarySort([Ljava/lang/Object;IIILjava/util/Comparator;)V @ 34 c2
Event: 49.602 Thread 0x000002bd133e54c0 DEOPT PACKING pc=0x000002bd2402e078 sp=0x000000c5c29fbf70
Event: 49.602 Thread 0x000002bd133e54c0 DEOPT UNPACKING pc=0x000002bd23a0239d sp=0x000000c5c29fbf78 mode 2

Classes unloaded (0 events):
No events

Classes redefined (0 events):
No events

Internal exceptions (20 events):
Event: 47.743 Thread 0x000002bd133e54c0 Exception <a 'sun/nio/fs/WindowsException'{0x00000000884a52a8}> (0x00000000884a52a8) 
thrown [s\open\src\hotspot\share\prims\jni.cpp, line 516]
Event: 47.861 Thread 0x000002bd133e54c0 Exception <a 'sun/nio/fs/WindowsException'{0x00000000884d7a48}> (0x00000000884d7a48) 
thrown [s\open\src\hotspot\share\prims\jni.cpp, line 516]
Event: 47.929 Thread 0x000002bd133e54c0 Exception <a 'sun/nio/fs/WindowsException'{0x00000000884de520}> (0x00000000884de520) 
thrown [s\open\src\hotspot\share\prims\jni.cpp, line 516]
Event: 47.967 Thread 0x000002bd133e54c0 Exception <a 'sun/nio/fs/WindowsException'{0x00000000884e4f80}> (0x00000000884e4f80) 
thrown [s\open\src\hotspot\share\prims\jni.cpp, line 516]
Event: 48.006 Thread 0x000002bd133e54c0 Exception <a 'sun/nio/fs/WindowsException'{0x00000000884eb960}> (0x00000000884eb960) 
thrown [s\open\src\hotspot\share\prims\jni.cpp, line 516]
Event: 48.040 Thread 0x000002bd133e54c0 Exception <a 'sun/nio/fs/WindowsException'{0x00000000884f2370}> (0x00000000884f2370) 
thrown [s\open\src\hotspot\share\prims\jni.cpp, line 516]
Event: 48.109 Thread 0x000002bd133e54c0 Exception <a 'sun/nio/fs/WindowsException'{0x00000000884f8d80}> (0x00000000884f8d80) 
thrown [s\open\src\hotspot\share\prims\jni.cpp, line 516]
Event: 48.139 Thread 0x000002bd133e54c0 Exception <a 'sun/nio/fs/WindowsException'{0x00000000884ff090}> (0x00000000884ff090) 
thrown [s\open\src\hotspot\share\prims\jni.cpp, line 516]
Event: 48.265 Thread 0x000002bd133e54c0 Exception <a 'sun/nio/fs/WindowsException'{0x0000000088305ed0}> (0x0000000088305ed0) 
thrown [s\open\src\hotspot\share\prims\jni.cpp, line 516]
Event: 48.288 Thread 0x000002bd133e54c0 Exception <a 'sun/nio/fs/WindowsException'{0x000000008830c818}> (0x000000008830c818) 
thrown [s\open\src\hotspot\share\prims\jni.cpp, line 516]
Event: 48.329 Thread 0x000002bd133e54c0 Exception <a 'sun/nio/fs/WindowsException'{0x0000000088313310}> (0x0000000088313310) 
thrown [s\open\src\hotspot\share\prims\jni.cpp, line 516]
Event: 48.425 Thread 0x000002bd133e54c0 Exception <a 'sun/nio/fs/WindowsException'{0x0000000088319fc0}> (0x0000000088319fc0) 
thrown [s\open\src\hotspot\share\prims\jni.cpp, line 516]
Event: 48.789 Thread 0x000002bd133e54c0 Exception <a 'sun/nio/fs/WindowsException'{0x0000000088320a28}> (0x0000000088320a28) 
thrown [s\open\src\hotspot\share\prims\jni.cpp, line 516]
Event: 48.843 Thread 0x000002bd133e54c0 Exception <a 'sun/nio/fs/WindowsException'{0x00000000883277e0}> (0x00000000883277e0) 
thrown [s\open\src\hotspot\share\prims\jni.cpp, line 516]
Event: 48.882 Thread 0x000002bd133e54c0 Exception <a 'sun/nio/fs/WindowsException'{0x000000008832e428}> (0x000000008832e428) 
thrown [s\open\src\hotspot\share\prims\jni.cpp, line 516]
Event: 48.929 Thread 0x000002bd133e54c0 Exception <a 'sun/nio/fs/WindowsException'{0x0000000088334f10}> (0x0000000088334f10) 
thrown [s\open\src\hotspot\share\prims\jni.cpp, line 516]
Event: 49.023 Thread 0x000002bd133e54c0 Exception <a 'sun/nio/fs/WindowsException'{0x000000008833ba58}> (0x000000008833ba58) 
thrown [s\open\src\hotspot\share\prims\jni.cpp, line 516]
Event: 49.055 Thread 0x000002bd133e54c0 Exception <a 'sun/nio/fs/WindowsException'{0x0000000088342508}> (0x0000000088342508) 
thrown [s\open\src\hotspot\share\prims\jni.cpp, line 516]
Event: 49.071 Thread 0x000002bd133e54c0 Exception <a 'sun/nio/fs/WindowsException'{0x0000000088347c48}> (0x0000000088347c48) 
thrown [s\open\src\hotspot\share\prims\jni.cpp, line 516]
Event: 49.599 Thread 0x000002bd133e54c0 Exception <a 'java/lang/NoSuchMethodError'{0x000000008803b008}: 'java.lang.Object java.lang.invoke.DirectMethodHandle$Holder.invokeStaticInit(java.lang.Object, int)'> (0x000000008803b008) 
thrown [s\open\src\hotspot\share\interpreter\linkResolver.cpp, line 759]

VM Operations (20 events):
Event: 43.973 Executing VM operation: G1CollectForAllocation
Event: 43.981 Executing VM operation: G1CollectForAllocation done
Event: 44.014 Executing VM operation: G1CollectForAllocation
Event: 44.028 Executing VM operation: G1CollectForAllocation done
Event: 44.144 Executing VM operation: G1CollectForAllocation
Event: 44.153 Executing VM operation: G1CollectForAllocation done
Event: 45.158 Executing VM operation: Cleanup
Event: 45.161 Executing VM operation: Cleanup done
Event: 46.177 Executing VM operation: Cleanup
Event: 46.183 Executing VM operation: Cleanup done
Event: 46.399 Executing VM operation: HandshakeAllThreads
Event: 46.399 Executing VM operation: HandshakeAllThreads done
Event: 46.677 Executing VM operation: HandshakeAllThreads
Event: 46.677 Executing VM operation: HandshakeAllThreads done
Event: 47.684 Executing VM operation: Cleanup
Event: 47.684 Executing VM operation: Cleanup done
Event: 48.698 Executing VM operation: Cleanup
Event: 48.698 Executing VM operation: Cleanup done
Event: 49.230 Executing VM operation: HandshakeAllThreads
Event: 49.231 Executing VM operation: HandshakeAllThreads done

Events (20 events):
Event: 49.562 loading class sun/util/resources/TimeZoneNamesBundle
Event: 49.563 loading class sun/util/resources/OpenListResourceBundle
Event: 49.564 loading class sun/util/resources/OpenListResourceBundle done
Event: 49.564 loading class sun/util/resources/TimeZoneNamesBundle done
Event: 49.564 loading class sun/util/resources/cldr/TimeZoneNames done
Event: 49.565 loading class sun/util/resources/cldr/TimeZoneNames_en
Event: 49.568 loading class sun/util/resources/cldr/TimeZoneNames_en done
Event: 49.569 loading class sun/util/resources/cldr/TimeZoneNames_en_US
Event: 49.569 loading class sun/util/resources/cldr/TimeZoneNames_en_US done
Event: 49.574 loading class sun/util/cldr/CLDRBaseLocaleDataMetaInfo$TZCanonicalIDMapHolder
Event: 49.589 loading class sun/util/cldr/CLDRBaseLocaleDataMetaInfo$TZCanonicalIDMapHolder done
Event: 49.596 loading class sun/util/cldr/CLDRTimeZoneNameProviderImpl$AVAILABLE_IDS
Event: 49.597 loading class sun/util/cldr/CLDRTimeZoneNameProviderImpl$AVAILABLE_IDS done
Event: 49.597 loading class java/util/Comparators$NaturalOrderComparator
Event: 49.598 loading class java/util/Comparators$NaturalOrderComparator done
Event: 49.603 loading class sun/util/resources/TimeZoneNames
Event: 49.607 loading class sun/util/resources/TimeZoneNames done
Event: 49.608 loading class sun/util/resources/TimeZoneNames_en
Event: 49.609 loading class sun/util/resources/TimeZoneNames_en done
Event: 49.631 loading class java/util/Vector$Itr


Dynamic libraries:
0x00007ff66d9e0000 - 0x00007ff66d9f0000 	C:\Program Files\Java\jdk-17\bin\java.exe
0x00007ffe58130000 - 0x00007ffe58348000 	C:\Windows\SYSTEM32\ntdll.dll
0x00007ffe57700000 - 0x00007ffe577c4000 	C:\Windows\System32\KERNEL32.DLL
0x00007ffe55460000 - 0x00007ffe55833000 	C:\Windows\System32\KERNELBASE.dll
0x00007ffe55840000 - 0x00007ffe55951000 	C:\Windows\System32\ucrtbase.dll
0x00007ffe41250000 - 0x00007ffe4126b000 	C:\Program Files\Java\jdk-17\bin\VCRUNTIME140.dll
0x00007ffe42030000 - 0x00007ffe42049000 	C:\Program Files\Java\jdk-17\bin\jli.dll
0x00007ffe57dd0000 - 0x00007ffe57e81000 	C:\Windows\System32\ADVAPI32.dll
0x00007ffe55fe0000 - 0x00007ffe56087000 	C:\Windows\System32\msvcrt.dll
0x00007ffe57ee0000 - 0x00007ffe57f88000 	C:\Windows\System32\sechost.dll
0x00007ffe552c0000 - 0x00007ffe552e8000 	C:\Windows\System32\bcrypt.dll
0x00007ffe55ec0000 - 0x00007ffe55fd8000 	C:\Windows\System32\RPCRT4.dll
0x00007ffe56c80000 - 0x00007ffe56e32000 	C:\Windows\System32\USER32.dll
0x00007ffe41930000 - 0x00007ffe41bcc000 	C:\Windows\WinSxS\amd64_microsoft.windows.common-controls_6595b64144ccf1df_6.0.22621.6060_none_2712eda17382d24b\COMCTL32.dll
0x00007ffe552f0000 - 0x00007ffe55316000 	C:\Windows\System32\win32u.dll
0x00007ffe57d80000 - 0x00007ffe57da9000 	C:\Windows\System32\GDI32.dll
0x00007ffe55a20000 - 0x00007ffe55b3b000 	C:\Windows\System32\gdi32full.dll
0x00007ffe55b40000 - 0x00007ffe55bda000 	C:\Windows\System32\msvcp_win.dll
0x00007ffe50ec0000 - 0x00007ffe50eca000 	C:\Windows\SYSTEM32\VERSION.dll
0x00007ffe57c90000 - 0x00007ffe57cc1000 	C:\Windows\System32\IMM32.DLL
0x00007ffe4bf50000 - 0x00007ffe4bf5c000 	C:\Program Files\Java\jdk-17\bin\vcruntime140_1.dll
0x00007ffe3ade0000 - 0x00007ffe3ae6e000 	C:\Program Files\Java\jdk-17\bin\msvcp140.dll
0x00007ffe18390000 - 0x00007ffe18f70000 	C:\Program Files\Java\jdk-17\bin\server\jvm.dll
0x00007ffe57aa0000 - 0x00007ffe57aa8000 	C:\Windows\System32\PSAPI.DLL
0x00007ffe51190000 - 0x00007ffe511c4000 	C:\Windows\SYSTEM32\WINMM.dll
0x00007ffe42ee0000 - 0x00007ffe42ee9000 	C:\Windows\SYSTEM32\WSOCK32.dll
0x00007ffe55e40000 - 0x00007ffe55eb1000 	C:\Windows\System32\WS2_32.dll
0x00007ffe54310000 - 0x00007ffe54328000 	C:\Windows\SYSTEM32\kernel.appcore.dll
0x00007ffe42e90000 - 0x00007ffe42e9a000 	C:\Program Files\Java\jdk-17\bin\jimage.dll
0x00007ffe52bd0000 - 0x00007ffe52e03000 	C:\Windows\SYSTEM32\DBGHELP.DLL
0x00007ffe56e40000 - 0x00007ffe571d1000 	C:\Windows\System32\combase.dll
0x00007ffe57ab0000 - 0x00007ffe57b88000 	C:\Windows\System32\OLEAUT32.dll
0x00007ffe41180000 - 0x00007ffe411b2000 	C:\Windows\SYSTEM32\dbgcore.DLL
0x00007ffe55d50000 - 0x00007ffe55dcb000 	C:\Windows\System32\bcryptPrimitives.dll
0x00007ffe3eee0000 - 0x00007ffe3ef05000 	C:\Program Files\Java\jdk-17\bin\java.dll
0x00007ffe2fde0000 - 0x00007ffe2feb7000 	C:\Program Files\Java\jdk-17\bin\jsvml.dll
0x00007ffe563e0000 - 0x00007ffe56c7c000 	C:\Windows\System32\SHELL32.dll
0x00007ffe55320000 - 0x00007ffe5545f000 	C:\Windows\System32\wintypes.dll
0x00007ffe53150000 - 0x00007ffe53a6a000 	C:\Windows\SYSTEM32\windows.storage.dll
0x00007ffe56090000 - 0x00007ffe56194000 	C:\Windows\System32\SHCORE.dll
0x00007ffe57b90000 - 0x00007ffe57bf9000 	C:\Windows\System32\shlwapi.dll
0x00007ffe55170000 - 0x00007ffe55195000 	C:\Windows\SYSTEM32\profapi.dll
0x00007ffe3e670000 - 0x00007ffe3e689000 	C:\Program Files\Java\jdk-17\bin\net.dll
0x00007ffe50960000 - 0x00007ffe50a8c000 	C:\Windows\SYSTEM32\WINHTTP.dll
0x00007ffe547f0000 - 0x00007ffe54859000 	C:\Windows\system32\mswsock.dll
0x00007ffe3e650000 - 0x00007ffe3e666000 	C:\Program Files\Java\jdk-17\bin\nio.dll
0x00007ffe41230000 - 0x00007ffe41248000 	C:\Program Files\Java\jdk-17\bin\zip.dll
0x00007ffdf5b00000 - 0x00007ffdf5b24000 	D:\netbeans-28-bin\netbeans\java\maven\lib\jansi-native\Windows\x86_64\jansi.dll
0x00007ffe3eed0000 - 0x00007ffe3eee0000 	C:\Program Files\Java\jdk-17\bin\verify.dll
0x00007ffe54420000 - 0x00007ffe54454000 	C:\Windows\SYSTEM32\ntmarta.dll

dbghelp: loaded successfully - version: 4.0.5 - missing functions: none
symbol engine: initialized successfully - sym options: 0x614 - pdb path: .;C:\Program Files\Java\jdk-17\bin;C:\Windows\SYSTEM32;C:\Windows\WinSxS\amd64_microsoft.windows.common-controls_6595b64144ccf1df_6.0.22621.6060_none_2712eda17382d24b;C:\Program Files\Java\jdk-17\bin\server;D:\netbeans-28-bin\netbeans\java\maven\lib\jansi-native\Windows\x86_64

VM Arguments:
jvm_args: --enable-native-access=ALL-UNNAMED -Dclassworlds.conf=D:\netbeans-28-bin\netbeans\java\maven\bin\m2.conf -Dmaven.home=D:\netbeans-28-bin\netbeans\java\maven -Dlibrary.jansi.path=D:\netbeans-28-bin\netbeans\java\maven\lib\jansi-native -Dmaven.multiModuleProjectDirectory=C:\Users\eliel\Documents\NetBeansProjects\AgenceTransportPART3 
java_command: org.codehaus.plexus.classworlds.launcher.Launcher -Dnetbeans.deploy=true -Dexec.vmArgs= -Dexec.appArgs= -Dmaven.ext.class.path=D:\netbeans-28-bin\netbeans\java\maven-nblib\netbeans-eventspy.jar -Dfile.encoding=UTF-8 --no-transfer-progress package
java_class_path (initial): D:\netbeans-28-bin\netbeans\java\maven\boot\plexus-classworlds-2.9.0.jar
Launcher Type: SUN_STANDARD

[Global flags]
     intx CICompilerCount                          = 3                                         {product} {ergonomic}
     uint ConcGCThreads                            = 1                                         {product} {ergonomic}
     uint G1ConcRefinementThreads                  = 4                                         {product} {ergonomic}
   size_t G1HeapRegionSize                         = 1048576                                   {product} {ergonomic}
    uintx GCDrainStackTargetSize                   = 64                                        {product} {ergonomic}
   size_t InitialHeapSize                          = 132120576                                 {product} {ergonomic}
   size_t MarkStackSize                            = 4194304                                   {product} {ergonomic}
   size_t MaxHeapSize                              = 2109734912                                {product} {ergonomic}
   size_t MaxNewSize                               = 1265631232                                {product} {ergonomic}
   size_t MinHeapDeltaBytes                        = 1048576                                   {product} {ergonomic}
   size_t MinHeapSize                              = 8388608                                   {product} {ergonomic}
    uintx NonNMethodCodeHeapSize                   = 5832780                                {pd product} {ergonomic}
    uintx NonProfiledCodeHeapSize                  = 122912730                              {pd product} {ergonomic}
    uintx ProfiledCodeHeapSize                     = 122912730                              {pd product} {ergonomic}
    uintx ReservedCodeCacheSize                    = 251658240                              {pd product} {ergonomic}
     bool SegmentedCodeCache                       = true                                      {product} {ergonomic}
   size_t SoftMaxHeapSize                          = 2109734912                             {manageable} {ergonomic}
     bool UseCompressedClassPointers               = true                           {product lp64_product} {ergonomic}
     bool UseCompressedOops                        = true                           {product lp64_product} {ergonomic}
     bool UseG1GC                                  = true                                      {product} {ergonomic}
     bool UseLargePagesIndividualAllocation        = false                                  {pd product} {ergonomic}

Logging:
Log output configuration:
 #0: stdout all=warning uptime,level,tags
 #1: stderr all=off uptime,level,tags

Environment Variables:
JAVA_HOME=C:\Program Files\Java\jdk-17
PATH=C:\Program Files\Common Files\Oracle\Java\javapath;C:\Program Files\Eclipse Adoptium\jdk-17.0.17.10-hotspot\bin;C:\ProgramData\Oracle\Java\javapath;C:\Program Files\Eclipse Adoptium\jdk-21.0.5.11-hotspot\bin;C:\Windows\system32;C:\Windows;C:\Windows\System32\Wbem;C:\Windows\System32\WindowsPowerShell\v1.0\;C:\Windows\System32\OpenSSH\;C:\Program Files\nodejs\;C:\ProgramData\chocolatey\bin;C:\Program Files (x86)\Git\cmd;C:\Program Files\dotnet\;C:\Program Files (x86)\AOMEI\AOMEI Backupper\8.0.0;C:\glassfish-7.0.24\glassfish7\javadb\bin;C:\Users\eliel\AppData\Local\Programs\Python\Python311\Scripts\;C:\Users\eliel\AppData\Local\Programs\Python\Python311\;C:\Users\eliel\AppData\Local\Programs\Python\Python313\Scripts\;C:\Users\eliel\AppData\Local\Programs\Python\Python313\;C:\laragon\bin\composer;C:\laragon\bin\git\bin;C:\laragon\bin\git\cmd;C:\laragon\bin\git\mingw64\bin;C:\laragon\bin\git\usr\bin;C:\laragon\bin\mysql\mysql-8.4.3-winx64\bin;C:\laragon\bin\ngrok;C:\laragon\bin\nodejs\node-v22;C:\laragon\bin\php\php-8.3.16-Win32-vs16-x64;C:\laragon\bin\python\python-3.13;C:\laragon\bin\python\python-3.13\Scripts;C:\laragon\usr\bin;C:\Users\eliel\AppData\Local\Yarn\config\global\node_modules\.bin;C:\Users\eliel\AppData\Roaming\Composer\vendor\bin;C:\Users\eliel\AppData\Roaming\npm;C:\Users\eliel\AppData\Local\Microsoft\WindowsApps;C:\Program Files\JetBrains\IntelliJ IDEA Community Edition 2023.2.5\bin;C:\Users\eliel\AppData\Local\Programs\Microsoft VS Code\bin;C:\FLUTER\flutter-windows-3.29.0-22915\flutter\bin;C:\Users\eliel\AppData\Local\Microsoft\WinGet\Packages\Schniz.fnm_Microsoft.Winget.Source_8wekyb3d8bbwe;C:\Gradle\gradle-8.10.1\bin;C:\Program Files\CodeBlocks\MinGW\bin;C:\Users\eliel\Downloads\gradle-8.10.1-all\gradle-8.10.1\lib;C:\SFML-3.0.0-windows-vc16-32-bit\SFML-3.0.0\bin;C:\Users\eliel\AppData\Local\Python\bin;C:\Users\eliel\Documents\scrcpy-win64-v3.2\scrcpy-win64-v3.2;C:\glassfish-7.0.24\glassfish7\bin;C:\Program Files\Java\jre1.8.0_51\bin;C:\Users\elie
USERNAME=eliel
OS=Windows_NT
PROCESSOR_IDENTIFIER=Intel64 Family 6 Model 92 Stepping 9, GenuineIntel



---------------  S Y S T E M  ---------------

OS:
 Windows 11 , 64 bit Build 22621 (10.0.22621.5415)
OS uptime: 0 days 6:05 hours

CPU: total 4 (initial active 4) (4 cores per cpu, 1 threads per core) family 6 model 92 stepping 9 microcode 0x38, cx8, cmov, fxsr, mmx, 3dnowpref, sse, sse2, sse3, ssse3, sse4.1, sse4.2, popcnt, tsc, tscinvbit, aes, erms, clmul, sha, clflush, clflushopt

Memory: 4k page, system-wide physical 8040M (415M free)
TotalPageFile size 12136M (AvailPageFile size 2M)
current process WorkingSet (physical memory assigned to process): 218M, peak: 218M
current process commit charge ("private bytes"): 293M, peak: 293M

vm_info: Java HotSpot(TM) 64-Bit Server VM (17.0.11+7-LTS-207) for windows-amd64 JRE (17.0.11+7-LTS-207), built on Mar 11 2024 19:01:50 by "mach5one" with MS VC++ 17.6 (VS2022)

END.
